  [1m[35m (445.6ms)[0m  [1m[35mCREATE DATABASE "mailer_development" ENCODING = 'unicode'[0m
  ↳ bin/rails:9
  [1m[35m (296.5ms)[0m  [1m[35mCREATE DATABASE "mailer_test" ENCODING = 'unicode'[0m
  ↳ bin/rails:9
Started GET "/" for ::1 at 2019-08-19 16:58:55 +0900
Processing by Rails::WelcomeController#index as HTML
  Rendering /Users/mutton_omomuki/.rbenv/versions/2.5.1/lib/ruby/gems/2.5.0/gems/railties-5.2.3/lib/rails/templates/rails/welcome/index.html.erb
  Rendered /Users/mutton_omomuki/.rbenv/versions/2.5.1/lib/ruby/gems/2.5.0/gems/railties-5.2.3/lib/rails/templates/rails/welcome/index.html.erb (3.2ms)
Completed 200 OK in 33ms (Views: 10.2ms | ActiveRecord: 0.0ms)


  [1m[35m (11.5ms)[0m  [1m[35mCREATE TABLE "schema_migrations" ("version" character varying NOT NULL PRIMARY KEY)[0m
  ↳ bin/rails:9
  [1m[35m (5.5ms)[0m  [1m[35mCREATE TABLE "ar_internal_metadata" ("key" character varying NOT NULL PRIMARY KEY, "value" character varying, "created_at" timestamp NOT NULL, "updated_at" timestamp NOT NULL)[0m
  ↳ bin/rails:9
  [1m[35m (0.7ms)[0m  [1m[34mSELECT pg_try_advisory_lock(2881169274723145665)[0m
  ↳ bin/rails:9
  [1m[35m (0.5ms)[0m  [1m[34mSELECT "schema_migrations"."version" FROM "schema_migrations" ORDER BY "schema_migrations"."version" ASC[0m
  ↳ bin/rails:9
Migrating to CreateContacts (20190819081202)
  [1m[35m (0.1ms)[0m  [1m[35mBEGIN[0m
  ↳ bin/rails:9
  [1m[35m (6.3ms)[0m  [1m[35mCREATE TABLE "contacts" ("id" bigserial primary key, "name" character varying, "email" character varying, "content" text, "created_at" timestamp NOT NULL, "updated_at" timestamp NOT NULL)[0m
  ↳ db/migrate/20190819081202_create_contacts.rb:3
  [1m[36mActiveRecord::SchemaMigration Create (1.0ms)[0m  [1m[32mINSERT INTO "schema_migrations" ("version") VALUES ($1) RETURNING "version"[0m  [["version", "20190819081202"]]
  ↳ bin/rails:9
  [1m[35m (0.4ms)[0m  [1m[35mCOMMIT[0m
  ↳ bin/rails:9
  [1m[36mActiveRecord::InternalMetadata Load (5.3ms)[0m  [1m[34mSELECT  "ar_internal_metadata".* FROM "ar_internal_metadata" WHERE "ar_internal_metadata"."key" = $1 LIMIT $2[0m  [["key", "environment"], ["LIMIT", 1]]
  ↳ bin/rails:9
  [1m[35m (0.2ms)[0m  [1m[35mBEGIN[0m
  ↳ bin/rails:9
  [1m[36mActiveRecord::InternalMetadata Create (1.1ms)[0m  [1m[32mINSERT INTO "ar_internal_metadata" ("key", "value", "created_at", "updated_at") VALUES ($1, $2, $3, $4) RETURNING "key"[0m  [["key", "environment"], ["value", "development"], ["created_at", "2019-08-19 08:19:21.024269"], ["updated_at", "2019-08-19 08:19:21.024269"]]
  ↳ bin/rails:9
  [1m[35m (0.6ms)[0m  [1m[35mCOMMIT[0m
  ↳ bin/rails:9
  [1m[35m (0.3ms)[0m  [1m[34mSELECT pg_advisory_unlock(2881169274723145665)[0m
  ↳ bin/rails:9
  [1m[35m (0.2ms)[0m  [1m[34mSELECT "schema_migrations"."version" FROM "schema_migrations" ORDER BY "schema_migrations"."version" ASC[0m
  ↳ bin/rails:9
Started GET "/contacts/new" for ::1 at 2019-08-19 17:20:36 +0900
  [1m[35m (0.4ms)[0m  [1m[34mSELECT "schema_migrations"."version" FROM "schema_migrations" ORDER BY "schema_migrations"."version" ASC[0m
  ↳ /Users/mutton_omomuki/.rbenv/versions/2.5.1/lib/ruby/gems/2.5.0/gems/activerecord-5.2.3/lib/active_record/log_subscriber.rb:98
Processing by ContactsController#new as HTML
  Rendering contacts/new.html.erb within layouts/application
  Rendered contacts/_form.html.erb (25.7ms)
  Rendered contacts/new.html.erb within layouts/application (28.3ms)
Completed 200 OK in 457ms (Views: 426.2ms | ActiveRecord: 3.9ms)


Started GET "/inbox" for ::1 at 2019-08-19 21:59:16 +0900
  [1m[35m (10.0ms)[0m  [1m[34mSELECT "schema_migrations"."version" FROM "schema_migrations" ORDER BY "schema_migrations"."version" ASC[0m
  ↳ /Users/mutton_omomuki/.rbenv/versions/2.5.1/lib/ruby/gems/2.5.0/gems/activerecord-5.2.3/lib/active_record/log_subscriber.rb:98
  
ActionController::RoutingError (No route matches [GET] "/inbox"):
  
actionpack (5.2.3) lib/action_dispatch/middleware/debug_exceptions.rb:65:in `call'
web-console (3.7.0) lib/web_console/middleware.rb:135:in `call_app'
web-console (3.7.0) lib/web_console/middleware.rb:30:in `block in call'
web-console (3.7.0) lib/web_console/middleware.rb:20:in `catch'
web-console (3.7.0) lib/web_console/middleware.rb:20:in `call'
actionpack (5.2.3) lib/action_dispatch/middleware/show_exceptions.rb:33:in `call'
railties (5.2.3) lib/rails/rack/logger.rb:38:in `call_app'
railties (5.2.3) lib/rails/rack/logger.rb:26:in `block in call'
activesupport (5.2.3) lib/active_support/tagged_logging.rb:71:in `block in tagged'
activesupport (5.2.3) lib/active_support/tagged_logging.rb:28:in `tagged'
activesupport (5.2.3) lib/active_support/tagged_logging.rb:71:in `tagged'
railties (5.2.3) lib/rails/rack/logger.rb:26:in `call'
sprockets-rails (3.2.1) lib/sprockets/rails/quiet_assets.rb:13:in `call'
actionpack (5.2.3) lib/action_dispatch/middleware/remote_ip.rb:81:in `call'
actionpack (5.2.3) lib/action_dispatch/middleware/request_id.rb:27:in `call'
rack (2.0.7) lib/rack/method_override.rb:22:in `call'
rack (2.0.7) lib/rack/runtime.rb:22:in `call'
activesupport (5.2.3) lib/active_support/cache/strategy/local_cache_middleware.rb:29:in `call'
actionpack (5.2.3) lib/action_dispatch/middleware/executor.rb:14:in `call'
actionpack (5.2.3) lib/action_dispatch/middleware/static.rb:127:in `call'
rack (2.0.7) lib/rack/sendfile.rb:111:in `call'
railties (5.2.3) lib/rails/engine.rb:524:in `call'
puma (3.12.1) lib/puma/configuration.rb:227:in `call'
puma (3.12.1) lib/puma/server.rb:660:in `handle_request'
puma (3.12.1) lib/puma/server.rb:474:in `process_client'
puma (3.12.1) lib/puma/server.rb:334:in `block in run'
puma (3.12.1) lib/puma/thread_pool.rb:135:in `block in spawn_thread'
Started GET "/inbox" for ::1 at 2019-08-19 22:00:40 +0900
  
NoMethodError (undefined method `mount' for main:Object):
  
config/routes.rb:4:in `<top (required)>'
Started GET "/inbox" for ::1 at 2019-08-19 22:05:35 +0900
  [1m[35m (2.3ms)[0m  [1m[34mSELECT "schema_migrations"."version" FROM "schema_migrations" ORDER BY "schema_migrations"."version" ASC[0m
  ↳ /Users/mutton_omomuki/.rbenv/versions/2.5.1/lib/ruby/gems/2.5.0/gems/activerecord-5.2.3/lib/active_record/log_subscriber.rb:98
Processing by LetterOpenerWeb::LettersController#index as HTML
  Rendering /Users/mutton_omomuki/.rbenv/versions/2.5.1/lib/ruby/gems/2.5.0/gems/letter_opener_web-1.3.4/app/views/letter_opener_web/letters/index.html.erb within layouts/letter_opener_web/letters
  Rendered /Users/mutton_omomuki/.rbenv/versions/2.5.1/lib/ruby/gems/2.5.0/gems/letter_opener_web-1.3.4/app/views/letter_opener_web/letters/index.html.erb within layouts/letter_opener_web/letters (2.1ms)
Completed 200 OK in 324ms (Views: 311.8ms | ActiveRecord: 0.0ms)


Started GET "/inbox/" for ::1 at 2019-08-19 22:06:01 +0900
Processing by LetterOpenerWeb::LettersController#index as HTML
  Rendering /Users/mutton_omomuki/.rbenv/versions/2.5.1/lib/ruby/gems/2.5.0/gems/letter_opener_web-1.3.4/app/views/letter_opener_web/letters/index.html.erb within layouts/letter_opener_web/letters
  Rendered /Users/mutton_omomuki/.rbenv/versions/2.5.1/lib/ruby/gems/2.5.0/gems/letter_opener_web-1.3.4/app/views/letter_opener_web/letters/index.html.erb within layouts/letter_opener_web/letters (1.1ms)
Completed 200 OK in 105ms (Views: 57.1ms | ActiveRecord: 0.0ms)


Started GET "/inbox" for ::1 at 2019-08-19 22:07:12 +0900
  [1m[35m (0.7ms)[0m  [1m[34mSELECT "schema_migrations"."version" FROM "schema_migrations" ORDER BY "schema_migrations"."version" ASC[0m
  ↳ /Users/mutton_omomuki/.rbenv/versions/2.5.1/lib/ruby/gems/2.5.0/gems/activerecord-5.2.3/lib/active_record/log_subscriber.rb:98
Processing by LetterOpenerWeb::LettersController#index as HTML
  Rendering /Users/mutton_omomuki/.rbenv/versions/2.5.1/lib/ruby/gems/2.5.0/gems/letter_opener_web-1.3.4/app/views/letter_opener_web/letters/index.html.erb within layouts/letter_opener_web/letters
  Rendered /Users/mutton_omomuki/.rbenv/versions/2.5.1/lib/ruby/gems/2.5.0/gems/letter_opener_web-1.3.4/app/views/letter_opener_web/letters/index.html.erb within layouts/letter_opener_web/letters (2.0ms)
Completed 200 OK in 174ms (Views: 162.9ms | ActiveRecord: 0.0ms)


Started GET "/letter_opener" for ::1 at 2019-08-19 22:15:54 +0900
  [1m[35m (0.9ms)[0m  [1m[34mSELECT "schema_migrations"."version" FROM "schema_migrations" ORDER BY "schema_migrations"."version" ASC[0m
  ↳ /Users/mutton_omomuki/.rbenv/versions/2.5.1/lib/ruby/gems/2.5.0/gems/activerecord-5.2.3/lib/active_record/log_subscriber.rb:98
Processing by LetterOpenerWeb::LettersController#index as HTML
  Rendering /Users/mutton_omomuki/.rbenv/versions/2.5.1/lib/ruby/gems/2.5.0/gems/letter_opener_web-1.3.4/app/views/letter_opener_web/letters/index.html.erb within layouts/letter_opener_web/letters
  Rendered /Users/mutton_omomuki/.rbenv/versions/2.5.1/lib/ruby/gems/2.5.0/gems/letter_opener_web-1.3.4/app/views/letter_opener_web/letters/index.html.erb within layouts/letter_opener_web/letters (1.7ms)
Completed 200 OK in 155ms (Views: 144.6ms | ActiveRecord: 0.0ms)


Started GET "/contacts/new" for ::1 at 2019-08-20 14:21:43 +0900
  [1m[35m (0.7ms)[0m  [1m[34mSELECT "schema_migrations"."version" FROM "schema_migrations" ORDER BY "schema_migrations"."version" ASC[0m
  ↳ /Users/mutton_omomuki/.rbenv/versions/2.5.1/lib/ruby/gems/2.5.0/gems/activerecord-5.2.3/lib/active_record/log_subscriber.rb:98
Processing by ContactsController#new as HTML
  Rendering contacts/new.html.erb within layouts/application
  Rendered contacts/_form.html.erb (17.7ms)
  Rendered contacts/new.html.erb within layouts/application (21.9ms)
Completed 200 OK in 286ms (Views: 255.5ms | ActiveRecord: 8.2ms)


Started POST "/contacts" for ::1 at 2019-08-20 14:22:39 +0900
Processing by ContactsController#create as HTML
  Parameters: {"utf8"=>"✓", "authenticity_token"=>"IQgxjoJK7bY9qpsemTgZaS62M7vPTSPvhwvpar5NeSaA5EHy4lSeDe/Q2w09lAJQ9Ar9h3DE9s011c0EAUqPZw==", "contact"=>{"name"=>"bobobon", "email"=>"zepazepa72@yahoo.co.jp", "content"=>"届くかな"}, "commit"=>"Create Contact"}
  [1m[35m (0.1ms)[0m  [1m[35mBEGIN[0m
  ↳ app/controllers/contacts_controller.rb:28
  [1m[36mContact Create (7.0ms)[0m  [1m[32mINSERT INTO "contacts" ("name", "email", "content", "created_at", "updated_at") VALUES ($1, $2, $3, $4, $5) RETURNING "id"[0m  [["name", "bobobon"], ["email", "zepazepa72@yahoo.co.jp"], ["content", "届くかな"], ["created_at", "2019-08-20 05:22:39.932271"], ["updated_at", "2019-08-20 05:22:39.932271"]]
  ↳ app/controllers/contacts_controller.rb:28
  [1m[35m (0.6ms)[0m  [1m[35mCOMMIT[0m
  ↳ app/controllers/contacts_controller.rb:28
  Rendering contact_mailer/contact_mail.html.erb within layouts/mailer
  Rendered contact_mailer/contact_mail.html.erb within layouts/mailer (0.7ms)
ContactMailer#contact_mail: processed outbound mail in 179.3ms
Sent mail to zepazepa72@yahoo.co.jp (11.0ms)
Date: Tue, 20 Aug 2019 14:22:40 +0900
From: from@example.com
To: zepazepa72@yahoo.co.jp
Message-ID: <5d5b83a049cbe_49033fd50fd348c47149f@setoshoutarounoMacBook-Pro.local.mail>
Subject: =?UTF-8?Q?=E3=81=8A=E5=95=8F=E3=81=84=E5=90=88=E3=82=8F=E3=81=9B=E3=81=AE=E7=A2=BA=E8=AA=8D=E3=83=A1=E3=83=BC=E3=83=AB?=
Mime-Version: 1.0
Content-Type: text/html;
 charset=UTF-8
Content-Transfer-Encoding: base64

PCFET0NUWVBFIGh0bWw+DQo8aHRtbD4NCiAgPGhlYWQ+DQogICAgPG1ldGEg
aHR0cC1lcXVpdj0iQ29udGVudC1UeXBlIiBjb250ZW50PSJ0ZXh0L2h0bWw7
IGNoYXJzZXQ9dXRmLTgiIC8+DQogICAgPHN0eWxlPg0KICAgICAgLyogRW1h
aWwgc3R5bGVzIG5lZWQgdG8gYmUgaW5saW5lICovDQogICAgPC9zdHlsZT4N
CiAgPC9oZWFkPg0KDQogIDxib2R5Pg0KICAgIDxoMT7jgYrllY/jgYTlkIjj
go/jgZvjgYzlrozkuobjgZfjgb7jgZfjgZ/vvIE8L2gxPg0KDQo8aDQ+bmFt
ZTogYm9ib2JvbjwvaDQ+DQoNCjxoND7jgYrllY/jgYTlkIjjgo/jgZvlhoXl
rrnjga7norroqo08L2g0Pg0KDQo8cD5jb250ZW50OiDlsYrjgY/jgYvjgao8
L3A+DQoNCiAgPC9ib2R5Pg0KPC9odG1sPg0K

Completed 500 Internal Server Error in 377ms (ActiveRecord: 7.7ms)


  
ActionController::UrlGenerationError (No route matches {:action=>"show", :controller=>"contacts"}, missing required keys: [:id]):
  
app/controllers/contacts_controller.rb:30:in `create'
Started GET "/contacts/new" for ::1 at 2019-08-20 14:25:05 +0900
  [1m[35m (0.7ms)[0m  [1m[34mSELECT "schema_migrations"."version" FROM "schema_migrations" ORDER BY "schema_migrations"."version" ASC[0m
  ↳ /Users/mutton_omomuki/.rbenv/versions/2.5.1/lib/ruby/gems/2.5.0/gems/activerecord-5.2.3/lib/active_record/log_subscriber.rb:98
Processing by ContactsController#new as HTML
  Rendering contacts/new.html.erb within layouts/application
  Rendered contacts/_form.html.erb (9.1ms)
  Rendered contacts/new.html.erb within layouts/application (11.3ms)
Completed 200 OK in 182ms (Views: 164.8ms | ActiveRecord: 2.6ms)


Started POST "/contacts" for ::1 at 2019-08-20 14:25:23 +0900
Processing by ContactsController#create as HTML
  Parameters: {"utf8"=>"✓", "authenticity_token"=>"dBAvk9boGCBXG6rkPgU3lrg4KdPynOLorHZ1UyJeR6bV/F/vtvZrm4Vh6veaqSyvYoTn700VN8oeqFE9nVmx5w==", "contact"=>{"name"=>"bobobon", "email"=>"zepazepa72@yahoo.co.jp", "content"=>"届くかな"}, "commit"=>"Create Contact"}
  [1m[35m (0.1ms)[0m  [1m[35mBEGIN[0m
  ↳ app/controllers/contacts_controller.rb:28
  [1m[36mContact Create (2.4ms)[0m  [1m[32mINSERT INTO "contacts" ("name", "email", "content", "created_at", "updated_at") VALUES ($1, $2, $3, $4, $5) RETURNING "id"[0m  [["name", "bobobon"], ["email", "zepazepa72@yahoo.co.jp"], ["content", "届くかな"], ["created_at", "2019-08-20 05:25:23.042661"], ["updated_at", "2019-08-20 05:25:23.042661"]]
  ↳ app/controllers/contacts_controller.rb:28
  [1m[35m (0.4ms)[0m  [1m[35mCOMMIT[0m
  ↳ app/controllers/contacts_controller.rb:28
  Rendering contact_mailer/contact_mail.html.erb within layouts/mailer
  Rendered contact_mailer/contact_mail.html.erb within layouts/mailer (0.9ms)
ContactMailer#contact_mail: processed outbound mail in 165.8ms
Sent mail to zepazepa72@yahoo.co.jp (4.7ms)
Date: Tue, 20 Aug 2019 14:25:23 +0900
From: from@example.com
To: zepazepa72@yahoo.co.jp
Message-ID: <5d5b844349933_49483fcae7d2f2349278b@setoshoutarounoMacBook-Pro.local.mail>
Subject: =?UTF-8?Q?=E3=81=8A=E5=95=8F=E3=81=84=E5=90=88=E3=82=8F=E3=81=9B=E3=81=AE=E7=A2=BA=E8=AA=8D=E3=83=A1=E3=83=BC=E3=83=AB?=
Mime-Version: 1.0
Content-Type: text/html;
 charset=UTF-8
Content-Transfer-Encoding: base64

PCFET0NUWVBFIGh0bWw+DQo8aHRtbD4NCiAgPGhlYWQ+DQogICAgPG1ldGEg
aHR0cC1lcXVpdj0iQ29udGVudC1UeXBlIiBjb250ZW50PSJ0ZXh0L2h0bWw7
IGNoYXJzZXQ9dXRmLTgiIC8+DQogICAgPHN0eWxlPg0KICAgICAgLyogRW1h
aWwgc3R5bGVzIG5lZWQgdG8gYmUgaW5saW5lICovDQogICAgPC9zdHlsZT4N
CiAgPC9oZWFkPg0KDQogIDxib2R5Pg0KICAgIDxoMT7jgYrllY/jgYTlkIjj
go/jgZvjgYzlrozkuobjgZfjgb7jgZfjgZ/vvIE8L2gxPg0KDQo8aDQ+bmFt
ZTogYm9ib2JvbjwvaDQ+DQoNCjxoND7jgYrllY/jgYTlkIjjgo/jgZvlhoXl
rrnjga7norroqo08L2g0Pg0KDQo8cD5jb250ZW50OiDlsYrjgY/jgYvjgao8
L3A+DQoNCiAgPC9ib2R5Pg0KPC9odG1sPg0K

Completed 500 Internal Server Error in 264ms (ActiveRecord: 2.9ms)


  
ActionController::UrlGenerationError (No route matches {:action=>"show", :controller=>"contacts"}, missing required keys: [:id]):
  
app/controllers/contacts_controller.rb:30:in `create'
Started POST "/contacts" for ::1 at 2019-08-20 14:34:07 +0900
Processing by ContactsController#create as HTML
  Parameters: {"utf8"=>"✓", "authenticity_token"=>"dBAvk9boGCBXG6rkPgU3lrg4KdPynOLorHZ1UyJeR6bV/F/vtvZrm4Vh6veaqSyvYoTn700VN8oeqFE9nVmx5w==", "contact"=>{"name"=>"bobobon", "email"=>"zepazepa72@yahoo.co.jp", "content"=>"届くかな"}, "commit"=>"Create Contact"}
  [1m[35m (0.2ms)[0m  [1m[35mBEGIN[0m
  ↳ app/controllers/contacts_controller.rb:28
  [1m[36mContact Create (2.5ms)[0m  [1m[32mINSERT INTO "contacts" ("name", "email", "content", "created_at", "updated_at") VALUES ($1, $2, $3, $4, $5) RETURNING "id"[0m  [["name", "bobobon"], ["email", "zepazepa72@yahoo.co.jp"], ["content", "届くかな"], ["created_at", "2019-08-20 05:34:07.542575"], ["updated_at", "2019-08-20 05:34:07.542575"]]
  ↳ app/controllers/contacts_controller.rb:28
  [1m[35m (0.6ms)[0m  [1m[35mCOMMIT[0m
  ↳ app/controllers/contacts_controller.rb:28
  Rendering contact_mailer/contact_mail.html.erb within layouts/mailer
  Rendered contact_mailer/contact_mail.html.erb within layouts/mailer (0.3ms)
ContactMailer#contact_mail: processed outbound mail in 18.6ms
Sent mail to zepazepa72@yahoo.co.jp (1.7ms)
Date: Tue, 20 Aug 2019 14:34:07 +0900
From: from@example.com
To: zepazepa72@yahoo.co.jp
Message-ID: <5d5b864f8d254_49483fcae7d2f11c9289a@setoshoutarounoMacBook-Pro.local.mail>
Subject: =?UTF-8?Q?=E3=81=8A=E5=95=8F=E3=81=84=E5=90=88=E3=82=8F=E3=81=9B=E3=81=AE=E7=A2=BA=E8=AA=8D=E3=83=A1=E3=83=BC=E3=83=AB?=
Mime-Version: 1.0
Content-Type: text/html;
 charset=UTF-8
Content-Transfer-Encoding: base64

PCFET0NUWVBFIGh0bWw+DQo8aHRtbD4NCiAgPGhlYWQ+DQogICAgPG1ldGEg
aHR0cC1lcXVpdj0iQ29udGVudC1UeXBlIiBjb250ZW50PSJ0ZXh0L2h0bWw7
IGNoYXJzZXQ9dXRmLTgiIC8+DQogICAgPHN0eWxlPg0KICAgICAgLyogRW1h
aWwgc3R5bGVzIG5lZWQgdG8gYmUgaW5saW5lICovDQogICAgPC9zdHlsZT4N
CiAgPC9oZWFkPg0KDQogIDxib2R5Pg0KICAgIDxoMT7jgYrllY/jgYTlkIjj
go/jgZvjgYzlrozkuobjgZfjgb7jgZfjgZ/vvIE8L2gxPg0KDQo8aDQ+bmFt
ZTogYm9ib2JvbjwvaDQ+DQoNCjxoND7jgYrllY/jgYTlkIjjgo/jgZvlhoXl
rrnjga7norroqo08L2g0Pg0KDQo8cD5jb250ZW50OiDlsYrjgY/jgYvjgao8
L3A+DQoNCiAgPC9ib2R5Pg0KPC9odG1sPg0K

Completed 500 Internal Server Error in 53ms (ActiveRecord: 7.3ms)


  
ActionController::UrlGenerationError (No route matches {:action=>"show", :controller=>"contacts"}, missing required keys: [:id]):
  
app/controllers/contacts_controller.rb:30:in `create'
Started POST "/contacts" for ::1 at 2019-08-20 14:34:14 +0900
Processing by ContactsController#create as HTML
  Parameters: {"utf8"=>"✓", "authenticity_token"=>"dBAvk9boGCBXG6rkPgU3lrg4KdPynOLorHZ1UyJeR6bV/F/vtvZrm4Vh6veaqSyvYoTn700VN8oeqFE9nVmx5w==", "contact"=>{"name"=>"bobobon", "email"=>"zepazepa72@yahoo.co.jp", "content"=>"届くかな"}, "commit"=>"Create Contact"}
  [1m[35m (0.2ms)[0m  [1m[35mBEGIN[0m
  ↳ app/controllers/contacts_controller.rb:28
  [1m[36mContact Create (0.5ms)[0m  [1m[32mINSERT INTO "contacts" ("name", "email", "content", "created_at", "updated_at") VALUES ($1, $2, $3, $4, $5) RETURNING "id"[0m  [["name", "bobobon"], ["email", "zepazepa72@yahoo.co.jp"], ["content", "届くかな"], ["created_at", "2019-08-20 05:34:14.682649"], ["updated_at", "2019-08-20 05:34:14.682649"]]
  ↳ app/controllers/contacts_controller.rb:28
  [1m[35m (0.3ms)[0m  [1m[35mCOMMIT[0m
  ↳ app/controllers/contacts_controller.rb:28
  Rendering contact_mailer/contact_mail.html.erb within layouts/mailer
  Rendered contact_mailer/contact_mail.html.erb within layouts/mailer (0.3ms)
ContactMailer#contact_mail: processed outbound mail in 18.7ms
Sent mail to zepazepa72@yahoo.co.jp (1.9ms)
Date: Tue, 20 Aug 2019 14:34:14 +0900
From: from@example.com
To: zepazepa72@yahoo.co.jp
Message-ID: <5d5b8656abf49_49483fcae7d2f324929c4@setoshoutarounoMacBook-Pro.local.mail>
Subject: =?UTF-8?Q?=E3=81=8A=E5=95=8F=E3=81=84=E5=90=88=E3=82=8F=E3=81=9B=E3=81=AE=E7=A2=BA=E8=AA=8D=E3=83=A1=E3=83=BC=E3=83=AB?=
Mime-Version: 1.0
Content-Type: text/html;
 charset=UTF-8
Content-Transfer-Encoding: base64

PCFET0NUWVBFIGh0bWw+DQo8aHRtbD4NCiAgPGhlYWQ+DQogICAgPG1ldGEg
aHR0cC1lcXVpdj0iQ29udGVudC1UeXBlIiBjb250ZW50PSJ0ZXh0L2h0bWw7
IGNoYXJzZXQ9dXRmLTgiIC8+DQogICAgPHN0eWxlPg0KICAgICAgLyogRW1h
aWwgc3R5bGVzIG5lZWQgdG8gYmUgaW5saW5lICovDQogICAgPC9zdHlsZT4N
CiAgPC9oZWFkPg0KDQogIDxib2R5Pg0KICAgIDxoMT7jgYrllY/jgYTlkIjj
go/jgZvjgYzlrozkuobjgZfjgb7jgZfjgZ/vvIE8L2gxPg0KDQo8aDQ+bmFt
ZTogYm9ib2JvbjwvaDQ+DQoNCjxoND7jgYrllY/jgYTlkIjjgo/jgZvlhoXl
rrnjga7norroqo08L2g0Pg0KDQo8cD5jb250ZW50OiDlsYrjgY/jgYvjgao8
L3A+DQoNCiAgPC9ib2R5Pg0KPC9odG1sPg0K

Completed 500 Internal Server Error in 26ms (ActiveRecord: 1.0ms)


  
ActionController::UrlGenerationError (No route matches {:action=>"show", :controller=>"contacts"}, missing required keys: [:id]):
  
app/controllers/contacts_controller.rb:30:in `create'
Started GET "/blogs" for ::1 at 2019-08-20 14:40:39 +0900
  
ActionController::RoutingError (No route matches [GET] "/blogs"):
  
actionpack (5.2.3) lib/action_dispatch/middleware/debug_exceptions.rb:65:in `call'
web-console (3.7.0) lib/web_console/middleware.rb:135:in `call_app'
web-console (3.7.0) lib/web_console/middleware.rb:30:in `block in call'
web-console (3.7.0) lib/web_console/middleware.rb:20:in `catch'
web-console (3.7.0) lib/web_console/middleware.rb:20:in `call'
actionpack (5.2.3) lib/action_dispatch/middleware/show_exceptions.rb:33:in `call'
railties (5.2.3) lib/rails/rack/logger.rb:38:in `call_app'
railties (5.2.3) lib/rails/rack/logger.rb:26:in `block in call'
activesupport (5.2.3) lib/active_support/tagged_logging.rb:71:in `block in tagged'
activesupport (5.2.3) lib/active_support/tagged_logging.rb:28:in `tagged'
activesupport (5.2.3) lib/active_support/tagged_logging.rb:71:in `tagged'
railties (5.2.3) lib/rails/rack/logger.rb:26:in `call'
sprockets-rails (3.2.1) lib/sprockets/rails/quiet_assets.rb:13:in `call'
actionpack (5.2.3) lib/action_dispatch/middleware/remote_ip.rb:81:in `call'
actionpack (5.2.3) lib/action_dispatch/middleware/request_id.rb:27:in `call'
rack (2.0.7) lib/rack/method_override.rb:22:in `call'
rack (2.0.7) lib/rack/runtime.rb:22:in `call'
activesupport (5.2.3) lib/active_support/cache/strategy/local_cache_middleware.rb:29:in `call'
actionpack (5.2.3) lib/action_dispatch/middleware/executor.rb:14:in `call'
actionpack (5.2.3) lib/action_dispatch/middleware/static.rb:127:in `call'
rack (2.0.7) lib/rack/sendfile.rb:111:in `call'
railties (5.2.3) lib/rails/engine.rb:524:in `call'
puma (3.12.1) lib/puma/configuration.rb:227:in `call'
puma (3.12.1) lib/puma/server.rb:660:in `handle_request'
puma (3.12.1) lib/puma/server.rb:474:in `process_client'
puma (3.12.1) lib/puma/server.rb:334:in `block in run'
puma (3.12.1) lib/puma/thread_pool.rb:135:in `block in spawn_thread'
Started GET "//etter_opener" for ::1 at 2019-08-20 14:40:51 +0900
  
ActionController::RoutingError (No route matches [GET] "/etter_opener"):
  
actionpack (5.2.3) lib/action_dispatch/middleware/debug_exceptions.rb:65:in `call'
web-console (3.7.0) lib/web_console/middleware.rb:135:in `call_app'
web-console (3.7.0) lib/web_console/middleware.rb:30:in `block in call'
web-console (3.7.0) lib/web_console/middleware.rb:20:in `catch'
web-console (3.7.0) lib/web_console/middleware.rb:20:in `call'
actionpack (5.2.3) lib/action_dispatch/middleware/show_exceptions.rb:33:in `call'
railties (5.2.3) lib/rails/rack/logger.rb:38:in `call_app'
railties (5.2.3) lib/rails/rack/logger.rb:26:in `block in call'
activesupport (5.2.3) lib/active_support/tagged_logging.rb:71:in `block in tagged'
activesupport (5.2.3) lib/active_support/tagged_logging.rb:28:in `tagged'
activesupport (5.2.3) lib/active_support/tagged_logging.rb:71:in `tagged'
railties (5.2.3) lib/rails/rack/logger.rb:26:in `call'
sprockets-rails (3.2.1) lib/sprockets/rails/quiet_assets.rb:13:in `call'
actionpack (5.2.3) lib/action_dispatch/middleware/remote_ip.rb:81:in `call'
actionpack (5.2.3) lib/action_dispatch/middleware/request_id.rb:27:in `call'
rack (2.0.7) lib/rack/method_override.rb:22:in `call'
rack (2.0.7) lib/rack/runtime.rb:22:in `call'
activesupport (5.2.3) lib/active_support/cache/strategy/local_cache_middleware.rb:29:in `call'
actionpack (5.2.3) lib/action_dispatch/middleware/executor.rb:14:in `call'
actionpack (5.2.3) lib/action_dispatch/middleware/static.rb:127:in `call'
rack (2.0.7) lib/rack/sendfile.rb:111:in `call'
railties (5.2.3) lib/rails/engine.rb:524:in `call'
puma (3.12.1) lib/puma/configuration.rb:227:in `call'
puma (3.12.1) lib/puma/server.rb:660:in `handle_request'
puma (3.12.1) lib/puma/server.rb:474:in `process_client'
puma (3.12.1) lib/puma/server.rb:334:in `block in run'
puma (3.12.1) lib/puma/thread_pool.rb:135:in `block in spawn_thread'
Started GET "/letter_opener" for ::1 at 2019-08-20 14:41:02 +0900
Processing by LetterOpenerWeb::LettersController#index as HTML
  Rendering /Users/mutton_omomuki/.rbenv/versions/2.5.1/lib/ruby/gems/2.5.0/gems/letter_opener_web-1.3.4/app/views/letter_opener_web/letters/index.html.erb within layouts/letter_opener_web/letters
  Rendered /Users/mutton_omomuki/.rbenv/versions/2.5.1/lib/ruby/gems/2.5.0/gems/letter_opener_web-1.3.4/app/views/letter_opener_web/letters/index.html.erb within layouts/letter_opener_web/letters (1.1ms)
Completed 200 OK in 43ms (Views: 36.7ms | ActiveRecord: 0.0ms)


Started GET "/contacts/new" for ::1 at 2019-08-20 14:41:46 +0900
Processing by ContactsController#new as HTML
  Rendering contacts/new.html.erb within layouts/application
  Rendered contacts/_form.html.erb (3.8ms)
  Rendered contacts/new.html.erb within layouts/application (6.3ms)
Completed 200 OK in 54ms (Views: 36.2ms | ActiveRecord: 8.9ms)


Started POST "/contacts" for ::1 at 2019-08-20 14:41:53 +0900
Processing by ContactsController#create as HTML
  Parameters: {"utf8"=>"✓", "authenticity_token"=>"J9HabCZjta+yjnccBTRdPNA61JA9k8GPd2IJnloSp1GGPaoQRn3GFGD0Nw+hmEYFCoYarIIaFK3FvC3w5RVREA==", "contact"=>{"name"=>"bobobon", "email"=>"zepazepa72@yahoo.co.jp", "content"=>"ko"}, "commit"=>"Create Contact"}
  [1m[35m (0.3ms)[0m  [1m[35mBEGIN[0m
  ↳ app/controllers/contacts_controller.rb:28
  [1m[36mContact Create (1.3ms)[0m  [1m[32mINSERT INTO "contacts" ("name", "email", "content", "created_at", "updated_at") VALUES ($1, $2, $3, $4, $5) RETURNING "id"[0m  [["name", "bobobon"], ["email", "zepazepa72@yahoo.co.jp"], ["content", "ko"], ["created_at", "2019-08-20 05:41:53.558970"], ["updated_at", "2019-08-20 05:41:53.558970"]]
  ↳ app/controllers/contacts_controller.rb:28
  [1m[35m (0.4ms)[0m  [1m[35mCOMMIT[0m
  ↳ app/controllers/contacts_controller.rb:28
  Rendering contact_mailer/contact_mail.html.erb within layouts/mailer
  Rendered contact_mailer/contact_mail.html.erb within layouts/mailer (0.4ms)
ContactMailer#contact_mail: processed outbound mail in 22.0ms
Sent mail to zepazepa72@yahoo.co.jp (1.7ms)
Date: Tue, 20 Aug 2019 14:41:53 +0900
From: from@example.com
To: zepazepa72@yahoo.co.jp
Message-ID: <5d5b882191235_49483fcae7d2f3249307c@setoshoutarounoMacBook-Pro.local.mail>
Subject: =?UTF-8?Q?=E3=81=8A=E5=95=8F=E3=81=84=E5=90=88=E3=82=8F=E3=81=9B=E3=81=AE=E7=A2=BA=E8=AA=8D=E3=83=A1=E3=83=BC=E3=83=AB?=
Mime-Version: 1.0
Content-Type: text/html;
 charset=UTF-8
Content-Transfer-Encoding: base64

PCFET0NUWVBFIGh0bWw+DQo8aHRtbD4NCiAgPGhlYWQ+DQogICAgPG1ldGEg
aHR0cC1lcXVpdj0iQ29udGVudC1UeXBlIiBjb250ZW50PSJ0ZXh0L2h0bWw7
IGNoYXJzZXQ9dXRmLTgiIC8+DQogICAgPHN0eWxlPg0KICAgICAgLyogRW1h
aWwgc3R5bGVzIG5lZWQgdG8gYmUgaW5saW5lICovDQogICAgPC9zdHlsZT4N
CiAgPC9oZWFkPg0KDQogIDxib2R5Pg0KICAgIDxoMT7jgYrllY/jgYTlkIjj
go/jgZvjgYzlrozkuobjgZfjgb7jgZfjgZ/vvIE8L2gxPg0KDQo8aDQ+bmFt
ZTogYm9ib2JvbjwvaDQ+DQoNCjxoND7jgYrllY/jgYTlkIjjgo/jgZvlhoXl
rrnjga7norroqo08L2g0Pg0KDQo8cD5jb250ZW50OiBrbzwvcD4NCg0KICA8
L2JvZHk+DQo8L2h0bWw+DQo=

Completed 500 Internal Server Error in 40ms (ActiveRecord: 2.0ms)


  
ActionController::UrlGenerationError (No route matches {:action=>"show", :controller=>"contacts"}, missing required keys: [:id]):
  
app/controllers/contacts_controller.rb:30:in `create'
